The system is: Darwin - 22.5.0 - arm64
Compiling the C compiler identification source file "CMakeCCompilerId.c" succeeded.
Compiler: /Library/Developer/CommandLineTools/usr/bin/cc 
Build flags: 
Id flags: -c 

The output was:
0


Compilation of the C compiler identification source "CMakeCCompilerId.c" produced "CMakeCCompilerId.o"

The C compiler identification is AppleClang, found in "/Users/jly/Code/minisql-master/cmake-build-debug/CMakeFiles/3.25.2/CompilerIdC/CMakeCCompilerId.o"

Compiling the CXX compiler identification source file "CMakeCXXCompilerId.cpp" succeeded.
Compiler: /Library/Developer/CommandLineTools/usr/bin/c++ 
Build flags: 
Id flags: -c 

The output was:
0


Compilation of the CXX compiler identification source "CMakeCXXCompilerId.cpp" produced "CMakeCXXCompilerId.o"

The CXX compiler identification is AppleClang, found in "/Users/jly/Code/minisql-master/cmake-build-debug/CMakeFiles/3.25.2/CompilerIdCXX/CMakeCXXCompilerId.o"

Detecting C compiler ABI info compiled with the following output:
Change Dir: /Users/jly/Code/minisql-master/cmake-build-debug/CMakeFiles/CMakeScratch/TryCompile-nNzXvp

Run Build Command(s):/Users/jly/Library/Application Support/JetBrains/Toolbox/apps/CLion/ch-0/231.9161.40/CLion.app/Contents/bin/ninja/mac/ninja cmTC_b56a8 && [1/2] Building C object CMakeFiles/cmTC_b56a8.dir/CMakeCCompilerABI.c.o
Apple clang version 14.0.3 (clang-1403.0.22.14.1)
Target: arm64-apple-darwin22.5.0
Thread model: posix
InstalledDir: /Library/Developer/CommandLineTools/usr/bin
clang: warning: -Wl,-v: 'linker' input unused [-Wunused-command-line-argument]
 "/Library/Developer/CommandLineTools/usr/bin/clang" -cc1 -triple arm64-apple-macosx13.0.0 -Wundef-prefix=TARGET_OS_ -Wdeprecated-objc-isa-usage -Werror=deprecated-objc-isa-usage -Werror=implicit-function-declaration -emit-obj -mrelax-all --mrelax-relocations -disable-free -clear-ast-before-backend -disable-llvm-verifier -discard-value-names -main-file-name CMakeCCompilerABI.c -mrelocation-model pic -pic-level 2 -mframe-pointer=non-leaf -fno-strict-return -ffp-contract=on -fno-rounding-math -funwind-tables=1 -fobjc-msgsend-selector-stubs -target-sdk-version=13.3 -fvisibility-inlines-hidden-static-local-var -target-cpu apple-m1 -target-feature +v8.5a -target-feature +crc -target-feature +lse -target-feature +rdm -target-feature +crypto -target-feature +dotprod -target-feature +fp-armv8 -target-feature +neon -target-feature +fp16fml -target-feature +ras -target-feature +rcpc -target-feature +zcm -target-feature +zcz -target-feature +fullfp16 -target-feature +sm4 -target-feature +sha3 -target-feature +sha2 -target-feature +aes -target-abi darwinpcs -fallow-half-arguments-and-returns -mllvm -treat-scalable-fixed-error-as-warning -debugger-tuning=lldb -target-linker-version 857.1 -v -fcoverage-compilation-dir=/Users/jly/Code/minisql-master/cmake-build-debug/CMakeFiles/CMakeScratch/TryCompile-nNzXvp -resource-dir /Library/Developer/CommandLineTools/usr/lib/clang/14.0.3 -dependency-file CMakeFiles/cmTC_b56a8.dir/CMakeCCompilerABI.c.o.d -skip-unused-modulemap-deps -MT CMakeFiles/cmTC_b56a8.dir/CMakeCCompilerABI.c.o -sys-header-deps -isysroot /Library/Developer/CommandLineTools/SDKs/MacOSX13.3.sdk -internal-isystem /Library/Developer/CommandLineTools/SDKs/MacOSX13.3.sdk/usr/local/include -internal-isystem /Library/Developer/CommandLineTools/usr/lib/clang/14.0.3/include -internal-externc-isystem /Library/Developer/CommandLineTools/SDKs/MacOSX13.3.sdk/usr/include -internal-externc-isystem /Library/Developer/CommandLineTools/usr/include -Wno-reorder-init-list -Wno-implicit-int-float-conversion -Wno-c99-designator -Wno-final-dtor-non-final-class -Wno-extra-semi-stmt -Wno-misleading-indentation -Wno-quoted-include-in-framework-header -Wno-implicit-fallthrough -Wno-enum-enum-conversion -Wno-enum-float-conversion -Wno-elaborated-enum-base -Wno-reserved-identifier -Wno-gnu-folding-constant -fdebug-compilation-dir=/Users/jly/Code/minisql-master/cmake-build-debug/CMakeFiles/CMakeScratch/TryCompile-nNzXvp -ferror-limit 19 -stack-protector 1 -fstack-check -mdarwin-stkchk-strong-link -fblocks -fencode-extended-block-signature -fregister-global-dtors-with-atexit -fgnuc-version=4.2.1 -no-opaque-pointers -fmax-type-align=16 -fcommon -fcolor-diagnostics -clang-vendor-feature=+disableNonDependentMemberExprInCurrentInstantiation -fno-odr-hash-protocols -clang-vendor-feature=+enableAggressiveVLAFolding -clang-vendor-feature=+revert09abecef7bbf -clang-vendor-feature=+thisNoAlignAttr -clang-vendor-feature=+thisNoNullAttr -mllvm -disable-aligned-alloc-awareness=1 -D__GCC_HAVE_DWARF2_CFI_ASM=1 -o CMakeFiles/cmTC_b56a8.dir/CMakeCCompilerABI.c.o -x c "/Users/jly/Library/Application Support/JetBrains/Toolbox/apps/CLion/ch-0/231.9161.40/CLion.app/Contents/bin/cmake/mac/share/cmake-3.25/Modules/CMakeCCompilerABI.c"
clang -cc1 version 14.0.3 (clang-1403.0.22.14.1) default target arm64-apple-darwin22.5.0
ignoring nonexistent directory "/Library/Developer/CommandLineTools/SDKs/MacOSX13.3.sdk/usr/local/include"
ignoring nonexistent directory "/Library/Developer/CommandLineTools/SDKs/MacOSX13.3.sdk/Library/Frameworks"
#include "..." search starts here:
#include <...> search starts here:
 /Library/Developer/CommandLineTools/usr/lib/clang/14.0.3/include
 /Library/Developer/CommandLineTools/SDKs/MacOSX13.3.sdk/usr/include
 /Library/Developer/CommandLineTools/usr/include
 /Library/Developer/CommandLineTools/SDKs/MacOSX13.3.sdk/System/Library/Frameworks (framework directory)
End of search list.
[2/2] Linking C executable cmTC_b56a8
Apple clang version 14.0.3 (clang-1403.0.22.14.1)
Target: arm64-apple-darwin22.5.0
Thread model: posix
InstalledDir: /Library/Developer/CommandLineTools/usr/bin
 "/Library/Developer/CommandLineTools/usr/bin/ld" -demangle -lto_library /Library/Developer/CommandLineTools/usr/lib/libLTO.dylib -dynamic -arch arm64 -platform_version macos 13.0.0 13.3 -syslibroot /Library/Developer/CommandLineTools/SDKs/MacOSX13.3.sdk -o cmTC_b56a8 -search_paths_first -headerpad_max_install_names -v CMakeFiles/cmTC_b56a8.dir/CMakeCCompilerABI.c.o -lSystem /Library/Developer/CommandLineTools/usr/lib/clang/14.0.3/lib/darwin/libclang_rt.osx.a
@(#)PROGRAM:ld  PROJECT:ld64-857.1
BUILD 23:13:29 May  7 2023
configured to support archs: armv6 armv7 armv7s arm64 arm64e arm64_32 i386 x86_64 x86_64h armv6m armv7k armv7m armv7em
Library search paths:
	/Library/Developer/CommandLineTools/SDKs/MacOSX13.3.sdk/usr/lib
Framework search paths:
	/Library/Developer/CommandLineTools/SDKs/MacOSX13.3.sdk/System/Library/Frameworks/



Parsed C implicit include dir info from above output: rv=done
  found start of include info
  found start of implicit include info
    add: [/Library/Developer/CommandLineTools/usr/lib/clang/14.0.3/include]
    add: [/Library/Developer/CommandLineTools/SDKs/MacOSX13.3.sdk/usr/include]
    add: [/Library/Developer/CommandLineTools/usr/include]
  end of search list found
  collapse include dir [/Library/Developer/CommandLineTools/usr/lib/clang/14.0.3/include] ==> [/Library/Developer/CommandLineTools/usr/lib/clang/14.0.3/include]
  collapse include dir [/Library/Developer/CommandLineTools/SDKs/MacOSX13.3.sdk/usr/include] ==> [/Library/Developer/CommandLineTools/SDKs/MacOSX13.3.sdk/usr/include]
  collapse include dir [/Library/Developer/CommandLineTools/usr/include] ==> [/Library/Developer/CommandLineTools/usr/include]
  implicit include dirs: [/Library/Developer/CommandLineTools/usr/lib/clang/14.0.3/include;/Library/Developer/CommandLineTools/SDKs/MacOSX13.3.sdk/usr/include;/Library/Developer/CommandLineTools/usr/include]


Parsed C implicit link information from above output:
  link line regex: [^( *|.*[/\])(ld|CMAKE_LINK_STARTFILE-NOTFOUND|([^/\]+-)?ld|collect2)[^/\]*( |$)]
  ignore line: [Change Dir: /Users/jly/Code/minisql-master/cmake-build-debug/CMakeFiles/CMakeScratch/TryCompile-nNzXvp]
  ignore line: []
  ignore line: [Run Build Command(s):/Users/jly/Library/Application Support/JetBrains/Toolbox/apps/CLion/ch-0/231.9161.40/CLion.app/Contents/bin/ninja/mac/ninja cmTC_b56a8 && [1/2] Building C object CMakeFiles/cmTC_b56a8.dir/CMakeCCompilerABI.c.o]
  ignore line: [Apple clang version 14.0.3 (clang-1403.0.22.14.1)]
  ignore line: [Target: arm64-apple-darwin22.5.0]
  ignore line: [Thread model: posix]
  ignore line: [InstalledDir: /Library/Developer/CommandLineTools/usr/bin]
  ignore line: [clang: warning: -Wl -v: 'linker' input unused [-Wunused-command-line-argument]]
  ignore line: [ "/Library/Developer/CommandLineTools/usr/bin/clang" -cc1 -triple arm64-apple-macosx13.0.0 -Wundef-prefix=TARGET_OS_ -Wdeprecated-objc-isa-usage -Werror=deprecated-objc-isa-usage -Werror=implicit-function-declaration -emit-obj -mrelax-all --mrelax-relocations -disable-free -clear-ast-before-backend -disable-llvm-verifier -discard-value-names -main-file-name CMakeCCompilerABI.c -mrelocation-model pic -pic-level 2 -mframe-pointer=non-leaf -fno-strict-return -ffp-contract=on -fno-rounding-math -funwind-tables=1 -fobjc-msgsend-selector-stubs -target-sdk-version=13.3 -fvisibility-inlines-hidden-static-local-var -target-cpu apple-m1 -target-feature +v8.5a -target-feature +crc -target-feature +lse -target-feature +rdm -target-feature +crypto -target-feature +dotprod -target-feature +fp-armv8 -target-feature +neon -target-feature +fp16fml -target-feature +ras -target-feature +rcpc -target-feature +zcm -target-feature +zcz -target-feature +fullfp16 -target-feature +sm4 -target-feature +sha3 -target-feature +sha2 -target-feature +aes -target-abi darwinpcs -fallow-half-arguments-and-returns -mllvm -treat-scalable-fixed-error-as-warning -debugger-tuning=lldb -target-linker-version 857.1 -v -fcoverage-compilation-dir=/Users/jly/Code/minisql-master/cmake-build-debug/CMakeFiles/CMakeScratch/TryCompile-nNzXvp -resource-dir /Library/Developer/CommandLineTools/usr/lib/clang/14.0.3 -dependency-file CMakeFiles/cmTC_b56a8.dir/CMakeCCompilerABI.c.o.d -skip-unused-modulemap-deps -MT CMakeFiles/cmTC_b56a8.dir/CMakeCCompilerABI.c.o -sys-header-deps -isysroot /Library/Developer/CommandLineTools/SDKs/MacOSX13.3.sdk -internal-isystem /Library/Developer/CommandLineTools/SDKs/MacOSX13.3.sdk/usr/local/include -internal-isystem /Library/Developer/CommandLineTools/usr/lib/clang/14.0.3/include -internal-externc-isystem /Library/Developer/CommandLineTools/SDKs/MacOSX13.3.sdk/usr/include -internal-externc-isystem /Library/Developer/CommandLineTools/usr/include -Wno-reorder-init-list -Wno-implicit-int-float-conversion -Wno-c99-designator -Wno-final-dtor-non-final-class -Wno-extra-semi-stmt -Wno-misleading-indentation -Wno-quoted-include-in-framework-header -Wno-implicit-fallthrough -Wno-enum-enum-conversion -Wno-enum-float-conversion -Wno-elaborated-enum-base -Wno-reserved-identifier -Wno-gnu-folding-constant -fdebug-compilation-dir=/Users/jly/Code/minisql-master/cmake-build-debug/CMakeFiles/CMakeScratch/TryCompile-nNzXvp -ferror-limit 19 -stack-protector 1 -fstack-check -mdarwin-stkchk-strong-link -fblocks -fencode-extended-block-signature -fregister-global-dtors-with-atexit -fgnuc-version=4.2.1 -no-opaque-pointers -fmax-type-align=16 -fcommon -fcolor-diagnostics -clang-vendor-feature=+disableNonDependentMemberExprInCurrentInstantiation -fno-odr-hash-protocols -clang-vendor-feature=+enableAggressiveVLAFolding -clang-vendor-feature=+revert09abecef7bbf -clang-vendor-feature=+thisNoAlignAttr -clang-vendor-feature=+thisNoNullAttr -mllvm -disable-aligned-alloc-awareness=1 -D__GCC_HAVE_DWARF2_CFI_ASM=1 -o CMakeFiles/cmTC_b56a8.dir/CMakeCCompilerABI.c.o -x c "/Users/jly/Library/Application Support/JetBrains/Toolbox/apps/CLion/ch-0/231.9161.40/CLion.app/Contents/bin/cmake/mac/share/cmake-3.25/Modules/CMakeCCompilerABI.c"]
  ignore line: [clang -cc1 version 14.0.3 (clang-1403.0.22.14.1) default target arm64-apple-darwin22.5.0]
  ignore line: [ignoring nonexistent directory "/Library/Developer/CommandLineTools/SDKs/MacOSX13.3.sdk/usr/local/include"]
  ignore line: [ignoring nonexistent directory "/Library/Developer/CommandLineTools/SDKs/MacOSX13.3.sdk/Library/Frameworks"]
  ignore line: [#include "..." search starts here:]
  ignore line: [#include <...> search starts here:]
  ignore line: [ /Library/Developer/CommandLineTools/usr/lib/clang/14.0.3/include]
  ignore line: [ /Library/Developer/CommandLineTools/SDKs/MacOSX13.3.sdk/usr/include]
  ignore line: [ /Library/Developer/CommandLineTools/usr/include]
  ignore line: [ /Library/Developer/CommandLineTools/SDKs/MacOSX13.3.sdk/System/Library/Frameworks (framework directory)]
  ignore line: [End of search list.]
  ignore line: [[2/2] Linking C executable cmTC_b56a8]
  ignore line: [Apple clang version 14.0.3 (clang-1403.0.22.14.1)]
  ignore line: [Target: arm64-apple-darwin22.5.0]
  ignore line: [Thread model: posix]
  ignore line: [InstalledDir: /Library/Developer/CommandLineTools/usr/bin]
  link line: [ "/Library/Developer/CommandLineTools/usr/bin/ld" -demangle -lto_library /Library/Developer/CommandLineTools/usr/lib/libLTO.dylib -dynamic -arch arm64 -platform_version macos 13.0.0 13.3 -syslibroot /Library/Developer/CommandLineTools/SDKs/MacOSX13.3.sdk -o cmTC_b56a8 -search_paths_first -headerpad_max_install_names -v CMakeFiles/cmTC_b56a8.dir/CMakeCCompilerABI.c.o -lSystem /Library/Developer/CommandLineTools/usr/lib/clang/14.0.3/lib/darwin/libclang_rt.osx.a]
    arg [/Library/Developer/CommandLineTools/usr/bin/ld] ==> ignore
    arg [-demangle] ==> ignore
    arg [-lto_library] ==> ignore, skip following value
    arg [/Library/Developer/CommandLineTools/usr/lib/libLTO.dylib] ==> skip value of -lto_library
    arg [-dynamic] ==> ignore
    arg [-arch] ==> ignore
    arg [arm64] ==> ignore
    arg [-platform_version] ==> ignore
    arg [macos] ==> ignore
    arg [13.0.0] ==> ignore
    arg [13.3] ==> ignore
    arg [-syslibroot] ==> ignore
    arg [/Library/Developer/CommandLineTools/SDKs/MacOSX13.3.sdk] ==> ignore
    arg [-o] ==> ignore
    arg [cmTC_b56a8] ==> ignore
    arg [-search_paths_first] ==> ignore
    arg [-headerpad_max_install_names] ==> ignore
    arg [-v] ==> ignore
    arg [CMakeFiles/cmTC_b56a8.dir/CMakeCCompilerABI.c.o] ==> ignore
    arg [-lSystem] ==> lib [System]
    arg [/Library/Developer/CommandLineTools/usr/lib/clang/14.0.3/lib/darwin/libclang_rt.osx.a] ==> lib [/Library/Developer/CommandLineTools/usr/lib/clang/14.0.3/lib/darwin/libclang_rt.osx.a]
  Library search paths: [;/Library/Developer/CommandLineTools/SDKs/MacOSX13.3.sdk/usr/lib]
  Framework search paths: [;/Library/Developer/CommandLineTools/SDKs/MacOSX13.3.sdk/System/Library/Frameworks/]
  remove lib [System]
  remove lib [/Library/Developer/CommandLineTools/usr/lib/clang/14.0.3/lib/darwin/libclang_rt.osx.a]
  collapse library dir [/Library/Developer/CommandLineTools/SDKs/MacOSX13.3.sdk/usr/lib] ==> [/Library/Developer/CommandLineTools/SDKs/MacOSX13.3.sdk/usr/lib]
  collapse framework dir [/Library/Developer/CommandLineTools/SDKs/MacOSX13.3.sdk/System/Library/Frameworks/] ==> [/Library/Developer/CommandLineTools/SDKs/MacOSX13.3.sdk/System/Library/Frameworks]
  implicit libs: []
  implicit objs: []
  implicit dirs: [/Library/Developer/CommandLineTools/SDKs/MacOSX13.3.sdk/usr/lib]
  implicit fwks: [/Library/Developer/CommandLineTools/SDKs/MacOSX13.3.sdk/System/Library/Frameworks]


Detecting CXX compiler ABI info compiled with the following output:
Change Dir: /Users/jly/Code/minisql-master/cmake-build-debug/CMakeFiles/CMakeScratch/TryCompile-fSD4WV

Run Build Command(s):/Users/jly/Library/Application Support/JetBrains/Toolbox/apps/CLion/ch-0/231.9161.40/CLion.app/Contents/bin/ninja/mac/ninja cmTC_861a1 && [1/2] Building CXX object CMakeFiles/cmTC_861a1.dir/CMakeCXXCompilerABI.cpp.o
Apple clang version 14.0.3 (clang-1403.0.22.14.1)
Target: arm64-apple-darwin22.5.0
Thread model: posix
InstalledDir: /Library/Developer/CommandLineTools/usr/bin
clang: warning: -Wl,-v: 'linker' input unused [-Wunused-command-line-argument]
 "/Library/Developer/CommandLineTools/usr/bin/clang" -cc1 -triple arm64-apple-macosx13.0.0 -Wundef-prefix=TARGET_OS_ -Wdeprecated-objc-isa-usage -Werror=deprecated-objc-isa-usage -Werror=implicit-function-declaration -emit-obj -mrelax-all --mrelax-relocations -disable-free -clear-ast-before-backend -disable-llvm-verifier -discard-value-names -main-file-name CMakeCXXCompilerABI.cpp -mrelocation-model pic -pic-level 2 -mframe-pointer=non-leaf -fno-strict-return -ffp-contract=on -fno-rounding-math -funwind-tables=1 -fobjc-msgsend-selector-stubs -target-sdk-version=13.3 -fvisibility-inlines-hidden-static-local-var -target-cpu apple-m1 -target-feature +v8.5a -target-feature +crc -target-feature +lse -target-feature +rdm -target-feature +crypto -target-feature +dotprod -target-feature +fp-armv8 -target-feature +neon -target-feature +fp16fml -target-feature +ras -target-feature +rcpc -target-feature +zcm -target-feature +zcz -target-feature +fullfp16 -target-feature +sm4 -target-feature +sha3 -target-feature +sha2 -target-feature +aes -target-abi darwinpcs -fallow-half-arguments-and-returns -mllvm -treat-scalable-fixed-error-as-warning -debugger-tuning=lldb -target-linker-version 857.1 -v -fcoverage-compilation-dir=/Users/jly/Code/minisql-master/cmake-build-debug/CMakeFiles/CMakeScratch/TryCompile-fSD4WV -resource-dir /Library/Developer/CommandLineTools/usr/lib/clang/14.0.3 -dependency-file CMakeFiles/cmTC_861a1.dir/CMakeCXXCompilerABI.cpp.o.d -skip-unused-modulemap-deps -MT CMakeFiles/cmTC_861a1.dir/CMakeCXXCompilerABI.cpp.o -sys-header-deps -isysroot /Library/Developer/CommandLineTools/SDKs/MacOSX13.3.sdk -stdlib=libc++ -internal-isystem /Library/Developer/CommandLineTools/SDKs/MacOSX13.3.sdk/usr/include/c++/v1 -internal-isystem /Library/Developer/CommandLineTools/SDKs/MacOSX13.3.sdk/usr/local/include -internal-isystem /Library/Developer/CommandLineTools/usr/lib/clang/14.0.3/include -internal-externc-isystem /Library/Developer/CommandLineTools/SDKs/MacOSX13.3.sdk/usr/include -internal-externc-isystem /Library/Developer/CommandLineTools/usr/include -Wno-reorder-init-list -Wno-implicit-int-float-conversion -Wno-c99-designator -Wno-final-dtor-non-final-class -Wno-extra-semi-stmt -Wno-misleading-indentation -Wno-quoted-include-in-framework-header -Wno-implicit-fallthrough -Wno-enum-enum-conversion -Wno-enum-float-conversion -Wno-elaborated-enum-base -Wno-reserved-identifier -Wno-gnu-folding-constant -fdeprecated-macro -fdebug-compilation-dir=/Users/jly/Code/minisql-master/cmake-build-debug/CMakeFiles/CMakeScratch/TryCompile-fSD4WV -ferror-limit 19 -stack-protector 1 -fstack-check -mdarwin-stkchk-strong-link -fblocks -fencode-extended-block-signature -fregister-global-dtors-with-atexit -fgnuc-version=4.2.1 -fno-cxx-modules -no-opaque-pointers -fcxx-exceptions -fexceptions -fmax-type-align=16 -fcommon -fcolor-diagnostics -clang-vendor-feature=+disableNonDependentMemberExprInCurrentInstantiation -fno-odr-hash-protocols -clang-vendor-feature=+enableAggressiveVLAFolding -clang-vendor-feature=+revert09abecef7bbf -clang-vendor-feature=+thisNoAlignAttr -clang-vendor-feature=+thisNoNullAttr -mllvm -disable-aligned-alloc-awareness=1 -D__GCC_HAVE_DWARF2_CFI_ASM=1 -o CMakeFiles/cmTC_861a1.dir/CMakeCXXCompilerABI.cpp.o -x c++ "/Users/jly/Library/Application Support/JetBrains/Toolbox/apps/CLion/ch-0/231.9161.40/CLion.app/Contents/bin/cmake/mac/share/cmake-3.25/Modules/CMakeCXXCompilerABI.cpp"
clang -cc1 version 14.0.3 (clang-1403.0.22.14.1) default target arm64-apple-darwin22.5.0
ignoring nonexistent directory "/Library/Developer/CommandLineTools/SDKs/MacOSX13.3.sdk/usr/local/include"
ignoring nonexistent directory "/Library/Developer/CommandLineTools/SDKs/MacOSX13.3.sdk/Library/Frameworks"
#include "..." search starts here:
#include <...> search starts here:
 /Library/Developer/CommandLineTools/SDKs/MacOSX13.3.sdk/usr/include/c++/v1
 /Library/Developer/CommandLineTools/usr/lib/clang/14.0.3/include
 /Library/Developer/CommandLineTools/SDKs/MacOSX13.3.sdk/usr/include
 /Library/Developer/CommandLineTools/usr/include
 /Library/Developer/CommandLineTools/SDKs/MacOSX13.3.sdk/System/Library/Frameworks (framework directory)
End of search list.
[2/2] Linking CXX executable cmTC_861a1
Apple clang version 14.0.3 (clang-1403.0.22.14.1)
Target: arm64-apple-darwin22.5.0
Thread model: posix
InstalledDir: /Library/Developer/CommandLineTools/usr/bin
 "/Library/Developer/CommandLineTools/usr/bin/ld" -demangle -lto_library /Library/Developer/CommandLineTools/usr/lib/libLTO.dylib -dynamic -arch arm64 -platform_version macos 13.0.0 13.3 -syslibroot /Library/Developer/CommandLineTools/SDKs/MacOSX13.3.sdk -o cmTC_861a1 -search_paths_first -headerpad_max_install_names -v CMakeFiles/cmTC_861a1.dir/CMakeCXXCompilerABI.cpp.o -lc++ -lSystem /Library/Developer/CommandLineTools/usr/lib/clang/14.0.3/lib/darwin/libclang_rt.osx.a
@(#)PROGRAM:ld  PROJECT:ld64-857.1
BUILD 23:13:29 May  7 2023
configured to support archs: armv6 armv7 armv7s arm64 arm64e arm64_32 i386 x86_64 x86_64h armv6m armv7k armv7m armv7em
Library search paths:
	/Library/Developer/CommandLineTools/SDKs/MacOSX13.3.sdk/usr/lib
Framework search paths:
	/Library/Developer/CommandLineTools/SDKs/MacOSX13.3.sdk/System/Library/Frameworks/



Parsed CXX implicit include dir info from above output: rv=done
  found start of include info
  found start of implicit include info
    add: [/Library/Developer/CommandLineTools/SDKs/MacOSX13.3.sdk/usr/include/c++/v1]
    add: [/Library/Developer/CommandLineTools/usr/lib/clang/14.0.3/include]
    add: [/Library/Developer/CommandLineTools/SDKs/MacOSX13.3.sdk/usr/include]
    add: [/Library/Developer/CommandLineTools/usr/include]
  end of search list found
  collapse include dir [/Library/Developer/CommandLineTools/SDKs/MacOSX13.3.sdk/usr/include/c++/v1] ==> [/Library/Developer/CommandLineTools/SDKs/MacOSX13.3.sdk/usr/include/c++/v1]
  collapse include dir [/Library/Developer/CommandLineTools/usr/lib/clang/14.0.3/include] ==> [/Library/Developer/CommandLineTools/usr/lib/clang/14.0.3/include]
  collapse include dir [/Library/Developer/CommandLineTools/SDKs/MacOSX13.3.sdk/usr/include] ==> [/Library/Developer/CommandLineTools/SDKs/MacOSX13.3.sdk/usr/include]
  collapse include dir [/Library/Developer/CommandLineTools/usr/include] ==> [/Library/Developer/CommandLineTools/usr/include]
  implicit include dirs: [/Library/Developer/CommandLineTools/SDKs/MacOSX13.3.sdk/usr/include/c++/v1;/Library/Developer/CommandLineTools/usr/lib/clang/14.0.3/include;/Library/Developer/CommandLineTools/SDKs/MacOSX13.3.sdk/usr/include;/Library/Developer/CommandLineTools/usr/include]


Parsed CXX implicit link information from above output:
  link line regex: [^( *|.*[/\])(ld|CMAKE_LINK_STARTFILE-NOTFOUND|([^/\]+-)?ld|collect2)[^/\]*( |$)]
  ignore line: [Change Dir: /Users/jly/Code/minisql-master/cmake-build-debug/CMakeFiles/CMakeScratch/TryCompile-fSD4WV]
  ignore line: []
  ignore line: [Run Build Command(s):/Users/jly/Library/Application Support/JetBrains/Toolbox/apps/CLion/ch-0/231.9161.40/CLion.app/Contents/bin/ninja/mac/ninja cmTC_861a1 && [1/2] Building CXX object CMakeFiles/cmTC_861a1.dir/CMakeCXXCompilerABI.cpp.o]
  ignore line: [Apple clang version 14.0.3 (clang-1403.0.22.14.1)]
  ignore line: [Target: arm64-apple-darwin22.5.0]
  ignore line: [Thread model: posix]
  ignore line: [InstalledDir: /Library/Developer/CommandLineTools/usr/bin]
  ignore line: [clang: warning: -Wl -v: 'linker' input unused [-Wunused-command-line-argument]]
  ignore line: [ "/Library/Developer/CommandLineTools/usr/bin/clang" -cc1 -triple arm64-apple-macosx13.0.0 -Wundef-prefix=TARGET_OS_ -Wdeprecated-objc-isa-usage -Werror=deprecated-objc-isa-usage -Werror=implicit-function-declaration -emit-obj -mrelax-all --mrelax-relocations -disable-free -clear-ast-before-backend -disable-llvm-verifier -discard-value-names -main-file-name CMakeCXXCompilerABI.cpp -mrelocation-model pic -pic-level 2 -mframe-pointer=non-leaf -fno-strict-return -ffp-contract=on -fno-rounding-math -funwind-tables=1 -fobjc-msgsend-selector-stubs -target-sdk-version=13.3 -fvisibility-inlines-hidden-static-local-var -target-cpu apple-m1 -target-feature +v8.5a -target-feature +crc -target-feature +lse -target-feature +rdm -target-feature +crypto -target-feature +dotprod -target-feature +fp-armv8 -target-feature +neon -target-feature +fp16fml -target-feature +ras -target-feature +rcpc -target-feature +zcm -target-feature +zcz -target-feature +fullfp16 -target-feature +sm4 -target-feature +sha3 -target-feature +sha2 -target-feature +aes -target-abi darwinpcs -fallow-half-arguments-and-returns -mllvm -treat-scalable-fixed-error-as-warning -debugger-tuning=lldb -target-linker-version 857.1 -v -fcoverage-compilation-dir=/Users/jly/Code/minisql-master/cmake-build-debug/CMakeFiles/CMakeScratch/TryCompile-fSD4WV -resource-dir /Library/Developer/CommandLineTools/usr/lib/clang/14.0.3 -dependency-file CMakeFiles/cmTC_861a1.dir/CMakeCXXCompilerABI.cpp.o.d -skip-unused-modulemap-deps -MT CMakeFiles/cmTC_861a1.dir/CMakeCXXCompilerABI.cpp.o -sys-header-deps -isysroot /Library/Developer/CommandLineTools/SDKs/MacOSX13.3.sdk -stdlib=libc++ -internal-isystem /Library/Developer/CommandLineTools/SDKs/MacOSX13.3.sdk/usr/include/c++/v1 -internal-isystem /Library/Developer/CommandLineTools/SDKs/MacOSX13.3.sdk/usr/local/include -internal-isystem /Library/Developer/CommandLineTools/usr/lib/clang/14.0.3/include -internal-externc-isystem /Library/Developer/CommandLineTools/SDKs/MacOSX13.3.sdk/usr/include -internal-externc-isystem /Library/Developer/CommandLineTools/usr/include -Wno-reorder-init-list -Wno-implicit-int-float-conversion -Wno-c99-designator -Wno-final-dtor-non-final-class -Wno-extra-semi-stmt -Wno-misleading-indentation -Wno-quoted-include-in-framework-header -Wno-implicit-fallthrough -Wno-enum-enum-conversion -Wno-enum-float-conversion -Wno-elaborated-enum-base -Wno-reserved-identifier -Wno-gnu-folding-constant -fdeprecated-macro -fdebug-compilation-dir=/Users/jly/Code/minisql-master/cmake-build-debug/CMakeFiles/CMakeScratch/TryCompile-fSD4WV -ferror-limit 19 -stack-protector 1 -fstack-check -mdarwin-stkchk-strong-link -fblocks -fencode-extended-block-signature -fregister-global-dtors-with-atexit -fgnuc-version=4.2.1 -fno-cxx-modules -no-opaque-pointers -fcxx-exceptions -fexceptions -fmax-type-align=16 -fcommon -fcolor-diagnostics -clang-vendor-feature=+disableNonDependentMemberExprInCurrentInstantiation -fno-odr-hash-protocols -clang-vendor-feature=+enableAggressiveVLAFolding -clang-vendor-feature=+revert09abecef7bbf -clang-vendor-feature=+thisNoAlignAttr -clang-vendor-feature=+thisNoNullAttr -mllvm -disable-aligned-alloc-awareness=1 -D__GCC_HAVE_DWARF2_CFI_ASM=1 -o CMakeFiles/cmTC_861a1.dir/CMakeCXXCompilerABI.cpp.o -x c++ "/Users/jly/Library/Application Support/JetBrains/Toolbox/apps/CLion/ch-0/231.9161.40/CLion.app/Contents/bin/cmake/mac/share/cmake-3.25/Modules/CMakeCXXCompilerABI.cpp"]
  ignore line: [clang -cc1 version 14.0.3 (clang-1403.0.22.14.1) default target arm64-apple-darwin22.5.0]
  ignore line: [ignoring nonexistent directory "/Library/Developer/CommandLineTools/SDKs/MacOSX13.3.sdk/usr/local/include"]
  ignore line: [ignoring nonexistent directory "/Library/Developer/CommandLineTools/SDKs/MacOSX13.3.sdk/Library/Frameworks"]
  ignore line: [#include "..." search starts here:]
  ignore line: [#include <...> search starts here:]
  ignore line: [ /Library/Developer/CommandLineTools/SDKs/MacOSX13.3.sdk/usr/include/c++/v1]
  ignore line: [ /Library/Developer/CommandLineTools/usr/lib/clang/14.0.3/include]
  ignore line: [ /Library/Developer/CommandLineTools/SDKs/MacOSX13.3.sdk/usr/include]
  ignore line: [ /Library/Developer/CommandLineTools/usr/include]
  ignore line: [ /Library/Developer/CommandLineTools/SDKs/MacOSX13.3.sdk/System/Library/Frameworks (framework directory)]
  ignore line: [End of search list.]
  ignore line: [[2/2] Linking CXX executable cmTC_861a1]
  ignore line: [Apple clang version 14.0.3 (clang-1403.0.22.14.1)]
  ignore line: [Target: arm64-apple-darwin22.5.0]
  ignore line: [Thread model: posix]
  ignore line: [InstalledDir: /Library/Developer/CommandLineTools/usr/bin]
  link line: [ "/Library/Developer/CommandLineTools/usr/bin/ld" -demangle -lto_library /Library/Developer/CommandLineTools/usr/lib/libLTO.dylib -dynamic -arch arm64 -platform_version macos 13.0.0 13.3 -syslibroot /Library/Developer/CommandLineTools/SDKs/MacOSX13.3.sdk -o cmTC_861a1 -search_paths_first -headerpad_max_install_names -v CMakeFiles/cmTC_861a1.dir/CMakeCXXCompilerABI.cpp.o -lc++ -lSystem /Library/Developer/CommandLineTools/usr/lib/clang/14.0.3/lib/darwin/libclang_rt.osx.a]
    arg [/Library/Developer/CommandLineTools/usr/bin/ld] ==> ignore
    arg [-demangle] ==> ignore
    arg [-lto_library] ==> ignore, skip following value
    arg [/Library/Developer/CommandLineTools/usr/lib/libLTO.dylib] ==> skip value of -lto_library
    arg [-dynamic] ==> ignore
    arg [-arch] ==> ignore
    arg [arm64] ==> ignore
    arg [-platform_version] ==> ignore
    arg [macos] ==> ignore
    arg [13.0.0] ==> ignore
    arg [13.3] ==> ignore
    arg [-syslibroot] ==> ignore
    arg [/Library/Developer/CommandLineTools/SDKs/MacOSX13.3.sdk] ==> ignore
    arg [-o] ==> ignore
    arg [cmTC_861a1] ==> ignore
    arg [-search_paths_first] ==> ignore
    arg [-headerpad_max_install_names] ==> ignore
    arg [-v] ==> ignore
    arg [CMakeFiles/cmTC_861a1.dir/CMakeCXXCompilerABI.cpp.o] ==> ignore
    arg [-lc++] ==> lib [c++]
    arg [-lSystem] ==> lib [System]
    arg [/Library/Developer/CommandLineTools/usr/lib/clang/14.0.3/lib/darwin/libclang_rt.osx.a] ==> lib [/Library/Developer/CommandLineTools/usr/lib/clang/14.0.3/lib/darwin/libclang_rt.osx.a]
  Library search paths: [;/Library/Developer/CommandLineTools/SDKs/MacOSX13.3.sdk/usr/lib]
  Framework search paths: [;/Library/Developer/CommandLineTools/SDKs/MacOSX13.3.sdk/System/Library/Frameworks/]
  remove lib [System]
  remove lib [/Library/Developer/CommandLineTools/usr/lib/clang/14.0.3/lib/darwin/libclang_rt.osx.a]
  collapse library dir [/Library/Developer/CommandLineTools/SDKs/MacOSX13.3.sdk/usr/lib] ==> [/Library/Developer/CommandLineTools/SDKs/MacOSX13.3.sdk/usr/lib]
  collapse framework dir [/Library/Developer/CommandLineTools/SDKs/MacOSX13.3.sdk/System/Library/Frameworks/] ==> [/Library/Developer/CommandLineTools/SDKs/MacOSX13.3.sdk/System/Library/Frameworks]
  implicit libs: [c++]
  implicit objs: []
  implicit dirs: [/Library/Developer/CommandLineTools/SDKs/MacOSX13.3.sdk/usr/lib]
  implicit fwks: [/Library/Developer/CommandLineTools/SDKs/MacOSX13.3.sdk/System/Library/Frameworks]


Performing C SOURCE FILE Test CMAKE_HAVE_LIBC_PTHREAD succeeded with the following output:
Change Dir: /Users/jly/Code/minisql-master/cmake-build-debug/CMakeFiles/CMakeScratch/TryCompile-kZEqc8

Run Build Command(s):/Users/jly/Library/Application Support/JetBrains/Toolbox/apps/CLion/ch-0/231.9161.40/CLion.app/Contents/bin/ninja/mac/ninja cmTC_58568 && [1/2] Building C object CMakeFiles/cmTC_58568.dir/src.c.o
[2/2] Linking C executable cmTC_58568


Source file was:
#include <pthread.h>

static void* test_func(void* data)
{
  return data;
}

int main(void)
{
  pthread_t thread;
  pthread_create(&thread, NULL, test_func, NULL);
  pthread_detach(thread);
  pthread_cancel(thread);
  pthread_join(thread, NULL);
  pthread_atfork(NULL, NULL, NULL);
  pthread_exit(NULL);

  return 0;
}


Determining if the include file unwind.h exists passed with the following output:
Change Dir: /Users/jly/Code/minisql-master/cmake-build-debug/CMakeFiles/CMakeScratch/TryCompile-p6aDq8

Run Build Command(s):/Users/jly/Library/Application Support/JetBrains/Toolbox/apps/CLion/ch-0/231.9161.40/CLion.app/Contents/bin/ninja/mac/ninja cmTC_137b7 && [1/2] Building CXX object CMakeFiles/cmTC_137b7.dir/CheckIncludeFile.cxx.o
[2/2] Linking CXX executable cmTC_137b7



Determining if the _Unwind_Backtrace exist passed with the following output:
Change Dir: /Users/jly/Code/minisql-master/cmake-build-debug/CMakeFiles/CMakeScratch/TryCompile-X2kSg5

Run Build Command(s):/Users/jly/Library/Application Support/JetBrains/Toolbox/apps/CLion/ch-0/231.9161.40/CLion.app/Contents/bin/ninja/mac/ninja cmTC_a6adb && [1/2] Building CXX object CMakeFiles/cmTC_a6adb.dir/CheckSymbolExists.cxx.o
[2/2] Linking CXX executable cmTC_a6adb


File CheckSymbolExists.cxx:
/* */
#include <unwind.h>

int main(int argc, char** argv)
{
  (void)argv;
#ifndef _Unwind_Backtrace
  return ((int*)(&_Unwind_Backtrace))[argc];
#else
  (void)argc;
  return 0;
#endif
}

Determining if the include file dlfcn.h exists passed with the following output:
Change Dir: /Users/jly/Code/minisql-master/cmake-build-debug/CMakeFiles/CMakeScratch/TryCompile-BV2CIy

Run Build Command(s):/Users/jly/Library/Application Support/JetBrains/Toolbox/apps/CLion/ch-0/231.9161.40/CLion.app/Contents/bin/ninja/mac/ninja cmTC_de9e6 && [1/2] Building CXX object CMakeFiles/cmTC_de9e6.dir/CheckIncludeFile.cxx.o
[2/2] Linking CXX executable cmTC_de9e6



Determining if the include file execinfo.h exists passed with the following output:
Change Dir: /Users/jly/Code/minisql-master/cmake-build-debug/CMakeFiles/CMakeScratch/TryCompile-T3ZpsS

Run Build Command(s):/Users/jly/Library/Application Support/JetBrains/Toolbox/apps/CLion/ch-0/231.9161.40/CLion.app/Contents/bin/ninja/mac/ninja cmTC_4cb9f && [1/2] Building CXX object CMakeFiles/cmTC_4cb9f.dir/CheckIncludeFile.cxx.o
[2/2] Linking CXX executable cmTC_4cb9f



Determining if the include file glob.h exists passed with the following output:
Change Dir: /Users/jly/Code/minisql-master/cmake-build-debug/CMakeFiles/CMakeScratch/TryCompile-yoG7vE

Run Build Command(s):/Users/jly/Library/Application Support/JetBrains/Toolbox/apps/CLion/ch-0/231.9161.40/CLion.app/Contents/bin/ninja/mac/ninja cmTC_5a10e && [1/2] Building CXX object CMakeFiles/cmTC_5a10e.dir/CheckIncludeFile.cxx.o
[2/2] Linking CXX executable cmTC_5a10e



Determining if the include file inttypes.h exists passed with the following output:
Change Dir: /Users/jly/Code/minisql-master/cmake-build-debug/CMakeFiles/CMakeScratch/TryCompile-zJc2WM

Run Build Command(s):/Users/jly/Library/Application Support/JetBrains/Toolbox/apps/CLion/ch-0/231.9161.40/CLion.app/Contents/bin/ninja/mac/ninja cmTC_eba47 && [1/2] Building CXX object CMakeFiles/cmTC_eba47.dir/CheckIncludeFile.cxx.o
[2/2] Linking CXX executable cmTC_eba47



Determining if the include file memory.h exists passed with the following output:
Change Dir: /Users/jly/Code/minisql-master/cmake-build-debug/CMakeFiles/CMakeScratch/TryCompile-WjheS5

Run Build Command(s):/Users/jly/Library/Application Support/JetBrains/Toolbox/apps/CLion/ch-0/231.9161.40/CLion.app/Contents/bin/ninja/mac/ninja cmTC_fa024 && [1/2] Building CXX object CMakeFiles/cmTC_fa024.dir/CheckIncludeFile.cxx.o
[2/2] Linking CXX executable cmTC_fa024



Determining if the include file pwd.h exists passed with the following output:
Change Dir: /Users/jly/Code/minisql-master/cmake-build-debug/CMakeFiles/CMakeScratch/TryCompile-i4CrML

Run Build Command(s):/Users/jly/Library/Application Support/JetBrains/Toolbox/apps/CLion/ch-0/231.9161.40/CLion.app/Contents/bin/ninja/mac/ninja cmTC_a18e7 && [1/2] Building CXX object CMakeFiles/cmTC_a18e7.dir/CheckIncludeFile.cxx.o
[2/2] Linking CXX executable cmTC_a18e7



Determining if the include file stdint.h exists passed with the following output:
Change Dir: /Users/jly/Code/minisql-master/cmake-build-debug/CMakeFiles/CMakeScratch/TryCompile-uXyCJN

Run Build Command(s):/Users/jly/Library/Application Support/JetBrains/Toolbox/apps/CLion/ch-0/231.9161.40/CLion.app/Contents/bin/ninja/mac/ninja cmTC_b111e && [1/2] Building CXX object CMakeFiles/cmTC_b111e.dir/CheckIncludeFile.cxx.o
[2/2] Linking CXX executable cmTC_b111e



Determining if the include file strings.h exists passed with the following output:
Change Dir: /Users/jly/Code/minisql-master/cmake-build-debug/CMakeFiles/CMakeScratch/TryCompile-yofvir

Run Build Command(s):/Users/jly/Library/Application Support/JetBrains/Toolbox/apps/CLion/ch-0/231.9161.40/CLion.app/Contents/bin/ninja/mac/ninja cmTC_297ec && [1/2] Building CXX object CMakeFiles/cmTC_297ec.dir/CheckIncludeFile.cxx.o
[2/2] Linking CXX executable cmTC_297ec



Determining if the include file sys/stat.h exists passed with the following output:
Change Dir: /Users/jly/Code/minisql-master/cmake-build-debug/CMakeFiles/CMakeScratch/TryCompile-6TxnmA

Run Build Command(s):/Users/jly/Library/Application Support/JetBrains/Toolbox/apps/CLion/ch-0/231.9161.40/CLion.app/Contents/bin/ninja/mac/ninja cmTC_fddfc && [1/2] Building CXX object CMakeFiles/cmTC_fddfc.dir/CheckIncludeFile.cxx.o
[2/2] Linking CXX executable cmTC_fddfc



Determining if the include file sys/syscall.h exists passed with the following output:
Change Dir: /Users/jly/Code/minisql-master/cmake-build-debug/CMakeFiles/CMakeScratch/TryCompile-xgclsl

Run Build Command(s):/Users/jly/Library/Application Support/JetBrains/Toolbox/apps/CLion/ch-0/231.9161.40/CLion.app/Contents/bin/ninja/mac/ninja cmTC_d1458 && [1/2] Building CXX object CMakeFiles/cmTC_d1458.dir/CheckIncludeFile.cxx.o
[2/2] Linking CXX executable cmTC_d1458



Determining if the include file sys/time.h exists passed with the following output:
Change Dir: /Users/jly/Code/minisql-master/cmake-build-debug/CMakeFiles/CMakeScratch/TryCompile-yUgvl7

Run Build Command(s):/Users/jly/Library/Application Support/JetBrains/Toolbox/apps/CLion/ch-0/231.9161.40/CLion.app/Contents/bin/ninja/mac/ninja cmTC_e0ec2 && [1/2] Building CXX object CMakeFiles/cmTC_e0ec2.dir/CheckIncludeFile.cxx.o
[2/2] Linking CXX executable cmTC_e0ec2



Determining if the include file sys/types.h exists passed with the following output:
Change Dir: /Users/jly/Code/minisql-master/cmake-build-debug/CMakeFiles/CMakeScratch/TryCompile-7pNnG4

Run Build Command(s):/Users/jly/Library/Application Support/JetBrains/Toolbox/apps/CLion/ch-0/231.9161.40/CLion.app/Contents/bin/ninja/mac/ninja cmTC_e1e7e && [1/2] Building CXX object CMakeFiles/cmTC_e1e7e.dir/CheckIncludeFile.cxx.o
[2/2] Linking CXX executable cmTC_e1e7e



Determining if the include file sys/utsname.h exists passed with the following output:
Change Dir: /Users/jly/Code/minisql-master/cmake-build-debug/CMakeFiles/CMakeScratch/TryCompile-VqS3iD

Run Build Command(s):/Users/jly/Library/Application Support/JetBrains/Toolbox/apps/CLion/ch-0/231.9161.40/CLion.app/Contents/bin/ninja/mac/ninja cmTC_1f55b && [1/2] Building CXX object CMakeFiles/cmTC_1f55b.dir/CheckIncludeFile.cxx.o
[2/2] Linking CXX executable cmTC_1f55b



Determining if the include file sys/wait.h exists passed with the following output:
Change Dir: /Users/jly/Code/minisql-master/cmake-build-debug/CMakeFiles/CMakeScratch/TryCompile-QBlVel

Run Build Command(s):/Users/jly/Library/Application Support/JetBrains/Toolbox/apps/CLion/ch-0/231.9161.40/CLion.app/Contents/bin/ninja/mac/ninja cmTC_88265 && [1/2] Building CXX object CMakeFiles/cmTC_88265.dir/CheckIncludeFile.cxx.o
[2/2] Linking CXX executable cmTC_88265



Determining if the include file syslog.h exists passed with the following output:
Change Dir: /Users/jly/Code/minisql-master/cmake-build-debug/CMakeFiles/CMakeScratch/TryCompile-SNxfQD

Run Build Command(s):/Users/jly/Library/Application Support/JetBrains/Toolbox/apps/CLion/ch-0/231.9161.40/CLion.app/Contents/bin/ninja/mac/ninja cmTC_85809 && [1/2] Building CXX object CMakeFiles/cmTC_85809.dir/CheckIncludeFile.cxx.o
[2/2] Linking CXX executable cmTC_85809



Determining if the include file unistd.h exists passed with the following output:
Change Dir: /Users/jly/Code/minisql-master/cmake-build-debug/CMakeFiles/CMakeScratch/TryCompile-ZlCxb8

Run Build Command(s):/Users/jly/Library/Application Support/JetBrains/Toolbox/apps/CLion/ch-0/231.9161.40/CLion.app/Contents/bin/ninja/mac/ninja cmTC_a8c78 && [1/2] Building CXX object CMakeFiles/cmTC_a8c78.dir/CheckIncludeFile.cxx.o
[2/2] Linking CXX executable cmTC_a8c78



Determining if the include file ext/hash_map exists passed with the following output:
Change Dir: /Users/jly/Code/minisql-master/cmake-build-debug/CMakeFiles/CMakeScratch/TryCompile-yEBWFi

Run Build Command(s):/Users/jly/Library/Application Support/JetBrains/Toolbox/apps/CLion/ch-0/231.9161.40/CLion.app/Contents/bin/ninja/mac/ninja cmTC_d36ba && [1/2] Building CXX object CMakeFiles/cmTC_d36ba.dir/CheckIncludeFile.cxx.o
In file included from /Users/jly/Code/minisql-master/cmake-build-debug/CMakeFiles/CMakeScratch/TryCompile-yEBWFi/CheckIncludeFile.cxx:1:
/Library/Developer/CommandLineTools/SDKs/MacOSX13.3.sdk/usr/include/c++/v1/ext/hash_map:221:5: warning: Use of the header <ext/hash_map> is deprecated.  Migrate to <unordered_map> [-W#warnings]
#   warning Use of the header <ext/hash_map> is deprecated.  Migrate to <unordered_map>
    ^
1 warning generated.
[2/2] Linking CXX executable cmTC_d36ba



Determining if the include file ext/hash_set exists passed with the following output:
Change Dir: /Users/jly/Code/minisql-master/cmake-build-debug/CMakeFiles/CMakeScratch/TryCompile-HjtTLO

Run Build Command(s):/Users/jly/Library/Application Support/JetBrains/Toolbox/apps/CLion/ch-0/231.9161.40/CLion.app/Contents/bin/ninja/mac/ninja cmTC_a1995 && [1/2] Building CXX object CMakeFiles/cmTC_a1995.dir/CheckIncludeFile.cxx.o
In file included from /Users/jly/Code/minisql-master/cmake-build-debug/CMakeFiles/CMakeScratch/TryCompile-HjtTLO/CheckIncludeFile.cxx:1:
/Library/Developer/CommandLineTools/SDKs/MacOSX13.3.sdk/usr/include/c++/v1/ext/hash_set:210:5: warning: Use of the header <ext/hash_set> is deprecated.  Migrate to <unordered_set> [-W#warnings]
#   warning Use of the header <ext/hash_set> is deprecated.  Migrate to <unordered_set>
    ^
1 warning generated.
[2/2] Linking CXX executable cmTC_a1995



Determining if the include file unordered_map exists passed with the following output:
Change Dir: /Users/jly/Code/minisql-master/cmake-build-debug/CMakeFiles/CMakeScratch/TryCompile-9PqdIp

Run Build Command(s):/Users/jly/Library/Application Support/JetBrains/Toolbox/apps/CLion/ch-0/231.9161.40/CLion.app/Contents/bin/ninja/mac/ninja cmTC_9db8d && [1/2] Building CXX object CMakeFiles/cmTC_9db8d.dir/CheckIncludeFile.cxx.o
[2/2] Linking CXX executable cmTC_9db8d



Determining if the include file unordered_set exists passed with the following output:
Change Dir: /Users/jly/Code/minisql-master/cmake-build-debug/CMakeFiles/CMakeScratch/TryCompile-z8pgkK

Run Build Command(s):/Users/jly/Library/Application Support/JetBrains/Toolbox/apps/CLion/ch-0/231.9161.40/CLion.app/Contents/bin/ninja/mac/ninja cmTC_cdf93 && [1/2] Building CXX object CMakeFiles/cmTC_cdf93.dir/CheckIncludeFile.cxx.o
[2/2] Linking CXX executable cmTC_cdf93



Determining if the include file stddef.h exists passed with the following output:
Change Dir: /Users/jly/Code/minisql-master/cmake-build-debug/CMakeFiles/CMakeScratch/TryCompile-M7ztlv

Run Build Command(s):/Users/jly/Library/Application Support/JetBrains/Toolbox/apps/CLion/ch-0/231.9161.40/CLion.app/Contents/bin/ninja/mac/ninja cmTC_a4843 && [1/2] Building CXX object CMakeFiles/cmTC_a4843.dir/CheckIncludeFile.cxx.o
[2/2] Linking CXX executable cmTC_a4843



Determining size of u_int16_t passed with the following output:
Change Dir: /Users/jly/Code/minisql-master/cmake-build-debug/CMakeFiles/CMakeScratch/TryCompile-RzOsE5

Run Build Command(s):/Users/jly/Library/Application Support/JetBrains/Toolbox/apps/CLion/ch-0/231.9161.40/CLion.app/Contents/bin/ninja/mac/ninja cmTC_2ebdd && [1/2] Building CXX object CMakeFiles/cmTC_2ebdd.dir/HAVE_U_INT16_T.cpp.o
[2/2] Linking CXX executable cmTC_2ebdd



Determining size of uint16_t passed with the following output:
Change Dir: /Users/jly/Code/minisql-master/cmake-build-debug/CMakeFiles/CMakeScratch/TryCompile-tXSHq6

Run Build Command(s):/Users/jly/Library/Application Support/JetBrains/Toolbox/apps/CLion/ch-0/231.9161.40/CLion.app/Contents/bin/ninja/mac/ninja cmTC_83e54 && [1/2] Building CXX object CMakeFiles/cmTC_83e54.dir/HAVE_UINT16_T.cpp.o
[2/2] Linking CXX executable cmTC_83e54



Determining if the function dladdr exists passed with the following output:
Change Dir: /Users/jly/Code/minisql-master/cmake-build-debug/CMakeFiles/CMakeScratch/TryCompile-irPNUH

Run Build Command(s):/Users/jly/Library/Application Support/JetBrains/Toolbox/apps/CLion/ch-0/231.9161.40/CLion.app/Contents/bin/ninja/mac/ninja cmTC_4084a && [1/2] Building C object CMakeFiles/cmTC_4084a.dir/CheckFunctionExists.c.o
[2/2] Linking C executable cmTC_4084a



Determining if the function fcntl exists passed with the following output:
Change Dir: /Users/jly/Code/minisql-master/cmake-build-debug/CMakeFiles/CMakeScratch/TryCompile-EK1rLR

Run Build Command(s):/Users/jly/Library/Application Support/JetBrains/Toolbox/apps/CLion/ch-0/231.9161.40/CLion.app/Contents/bin/ninja/mac/ninja cmTC_3b1ad && [1/2] Building C object CMakeFiles/cmTC_3b1ad.dir/CheckFunctionExists.c.o
[2/2] Linking C executable cmTC_3b1ad



Determining if the function pread exists passed with the following output:
Change Dir: /Users/jly/Code/minisql-master/cmake-build-debug/CMakeFiles/CMakeScratch/TryCompile-nzBFTV

Run Build Command(s):/Users/jly/Library/Application Support/JetBrains/Toolbox/apps/CLion/ch-0/231.9161.40/CLion.app/Contents/bin/ninja/mac/ninja cmTC_71535 && [1/2] Building C object CMakeFiles/cmTC_71535.dir/CheckFunctionExists.c.o
[2/2] Linking C executable cmTC_71535



Determining if the function pwrite exists passed with the following output:
Change Dir: /Users/jly/Code/minisql-master/cmake-build-debug/CMakeFiles/CMakeScratch/TryCompile-VnrcQ9

Run Build Command(s):/Users/jly/Library/Application Support/JetBrains/Toolbox/apps/CLion/ch-0/231.9161.40/CLion.app/Contents/bin/ninja/mac/ninja cmTC_928ac && [1/2] Building C object CMakeFiles/cmTC_928ac.dir/CheckFunctionExists.c.o
[2/2] Linking C executable cmTC_928ac



Determining if the function sigaction exists passed with the following output:
Change Dir: /Users/jly/Code/minisql-master/cmake-build-debug/CMakeFiles/CMakeScratch/TryCompile-cmJ65w

Run Build Command(s):/Users/jly/Library/Application Support/JetBrains/Toolbox/apps/CLion/ch-0/231.9161.40/CLion.app/Contents/bin/ninja/mac/ninja cmTC_e43c0 && [1/2] Building C object CMakeFiles/cmTC_e43c0.dir/CheckFunctionExists.c.o
[2/2] Linking C executable cmTC_e43c0



Determining if the function sigaltstack exists passed with the following output:
Change Dir: /Users/jly/Code/minisql-master/cmake-build-debug/CMakeFiles/CMakeScratch/TryCompile-VWigbM

Run Build Command(s):/Users/jly/Library/Application Support/JetBrains/Toolbox/apps/CLion/ch-0/231.9161.40/CLion.app/Contents/bin/ninja/mac/ninja cmTC_be46b && [1/2] Building C object CMakeFiles/cmTC_be46b.dir/CheckFunctionExists.c.o
[2/2] Linking C executable cmTC_be46b



Performing C++ SOURCE FILE Test HAVE_NO_DEPRECATED succeeded with the following output:
Change Dir: /Users/jly/Code/minisql-master/cmake-build-debug/CMakeFiles/CMakeScratch/TryCompile-Ls02qq

Run Build Command(s):/Users/jly/Library/Application Support/JetBrains/Toolbox/apps/CLion/ch-0/231.9161.40/CLion.app/Contents/bin/ninja/mac/ninja cmTC_94bc5 && [1/2] Building CXX object CMakeFiles/cmTC_94bc5.dir/src.cxx.o
[2/2] Linking CXX executable cmTC_94bc5


Source file was:
int main() { return 0; }

Performing C++ SOURCE FILE Test HAVE_NO_UNNAMED_TYPE_TEMPLATE_ARGS succeeded with the following output:
Change Dir: /Users/jly/Code/minisql-master/cmake-build-debug/CMakeFiles/CMakeScratch/TryCompile-9kIbR4

Run Build Command(s):/Users/jly/Library/Application Support/JetBrains/Toolbox/apps/CLion/ch-0/231.9161.40/CLion.app/Contents/bin/ninja/mac/ninja cmTC_06441 && [1/2] Building CXX object CMakeFiles/cmTC_06441.dir/src.cxx.o
[2/2] Linking CXX executable cmTC_06441


Source file was:
int main() { return 0; }

Determining if the pthread_threadid_np exist passed with the following output:
Change Dir: /Users/jly/Code/minisql-master/cmake-build-debug/CMakeFiles/CMakeScratch/TryCompile-Tn2FWj

Run Build Command(s):/Users/jly/Library/Application Support/JetBrains/Toolbox/apps/CLion/ch-0/231.9161.40/CLion.app/Contents/bin/ninja/mac/ninja cmTC_d7d2e && [1/2] Building CXX object CMakeFiles/cmTC_d7d2e.dir/CheckSymbolExists.cxx.o
[2/2] Linking CXX executable cmTC_d7d2e


File CheckSymbolExists.cxx:
/* */
#include <pthread.h>

int main(int argc, char** argv)
{
  (void)argv;
#ifndef pthread_threadid_np
  return ((int*)(&pthread_threadid_np))[argc];
#else
  (void)argc;
  return 0;
#endif
}

Determining if the snprintf exist passed with the following output:
Change Dir: /Users/jly/Code/minisql-master/cmake-build-debug/CMakeFiles/CMakeScratch/TryCompile-bdB556

Run Build Command(s):/Users/jly/Library/Application Support/JetBrains/Toolbox/apps/CLion/ch-0/231.9161.40/CLion.app/Contents/bin/ninja/mac/ninja cmTC_f3508 && [1/2] Building CXX object CMakeFiles/cmTC_f3508.dir/CheckSymbolExists.cxx.o
[2/2] Linking CXX executable cmTC_f3508


File CheckSymbolExists.cxx:
/* */
#include <cstdio>

int main(int argc, char** argv)
{
  (void)argv;
#ifndef snprintf
  return ((int*)(&snprintf))[argc];
#else
  (void)argc;
  return 0;
#endif
}

Performing C++ SOURCE FILE Test HAVE___ATTRIBUTE__ succeeded with the following output:
Change Dir: /Users/jly/Code/minisql-master/cmake-build-debug/CMakeFiles/CMakeScratch/TryCompile-BVXeVI

Run Build Command(s):/Users/jly/Library/Application Support/JetBrains/Toolbox/apps/CLion/ch-0/231.9161.40/CLion.app/Contents/bin/ninja/mac/ninja cmTC_581c5 && [1/2] Building CXX object CMakeFiles/cmTC_581c5.dir/src.cxx.o
[2/2] Linking CXX executable cmTC_581c5


Source file was:

#include <cstdlib>
static void foo(void) __attribute__ ((unused));
int main(void) { return 0; }


Performing C++ SOURCE FILE Test HAVE___ATTRIBUTE__VISIBILITY_DEFAULT succeeded with the following output:
Change Dir: /Users/jly/Code/minisql-master/cmake-build-debug/CMakeFiles/CMakeScratch/TryCompile-qG0Zeu

Run Build Command(s):/Users/jly/Library/Application Support/JetBrains/Toolbox/apps/CLion/ch-0/231.9161.40/CLion.app/Contents/bin/ninja/mac/ninja cmTC_be056 && [1/2] Building CXX object CMakeFiles/cmTC_be056.dir/src.cxx.o
[2/2] Linking CXX executable cmTC_be056


Source file was:

#include <cstdlib>
static void foo(void) __attribute__ ((visibility("default")));
int main(void) { return 0; }


Performing C++ SOURCE FILE Test HAVE___ATTRIBUTE__VISIBILITY_HIDDEN succeeded with the following output:
Change Dir: /Users/jly/Code/minisql-master/cmake-build-debug/CMakeFiles/CMakeScratch/TryCompile-nFDnBs

Run Build Command(s):/Users/jly/Library/Application Support/JetBrains/Toolbox/apps/CLion/ch-0/231.9161.40/CLion.app/Contents/bin/ninja/mac/ninja cmTC_7474e && [1/2] Building CXX object CMakeFiles/cmTC_7474e.dir/src.cxx.o
[2/2] Linking CXX executable cmTC_7474e


Source file was:

#include <cstdlib>
static void foo(void) __attribute__ ((visibility("hidden")));
int main(void) { return 0; }


Performing C++ SOURCE FILE Test HAVE___BUILTIN_EXPECT succeeded with the following output:
Change Dir: /Users/jly/Code/minisql-master/cmake-build-debug/CMakeFiles/CMakeScratch/TryCompile-UlmUDR

Run Build Command(s):/Users/jly/Library/Application Support/JetBrains/Toolbox/apps/CLion/ch-0/231.9161.40/CLion.app/Contents/bin/ninja/mac/ninja cmTC_6f181 && [1/2] Building CXX object CMakeFiles/cmTC_6f181.dir/src.cxx.o
[2/2] Linking CXX executable cmTC_6f181


Source file was:

int main(void) { if (__builtin_expect(0, 0)) return 1; return 0; }


Performing C++ SOURCE FILE Test HAVE___SYNC_VAL_COMPARE_AND_SWAP succeeded with the following output:
Change Dir: /Users/jly/Code/minisql-master/cmake-build-debug/CMakeFiles/CMakeScratch/TryCompile-iFiTtI

Run Build Command(s):/Users/jly/Library/Application Support/JetBrains/Toolbox/apps/CLion/ch-0/231.9161.40/CLion.app/Contents/bin/ninja/mac/ninja cmTC_85108 && [1/2] Building CXX object CMakeFiles/cmTC_85108.dir/src.cxx.o
[2/2] Linking CXX executable cmTC_85108


Source file was:

int main(void)
{
  int a; if (__sync_val_compare_and_swap(&a, 0, 1)) return 1; return 0;
}


Performing C++ SOURCE FILE Test HAVE_RWLOCK succeeded with the following output:
Change Dir: /Users/jly/Code/minisql-master/cmake-build-debug/CMakeFiles/CMakeScratch/TryCompile-944CMP

Run Build Command(s):/Users/jly/Library/Application Support/JetBrains/Toolbox/apps/CLion/ch-0/231.9161.40/CLion.app/Contents/bin/ninja/mac/ninja cmTC_ce602 && [1/2] Building CXX object CMakeFiles/cmTC_ce602.dir/src.cxx.o
[2/2] Linking CXX executable cmTC_ce602


Source file was:

#define _XOPEN_SOURCE 500
#include <pthread.h>
int main(void)
{
  pthread_rwlock_t l;
  pthread_rwlock_init(&l, NULL);
  pthread_rwlock_rdlock(&l);
  return 0;
}


Performing C++ SOURCE FILE Test STL_STD_NAMESPACE succeeded with the following output:
Change Dir: /Users/jly/Code/minisql-master/cmake-build-debug/CMakeFiles/CMakeScratch/TryCompile-ouYcUA

Run Build Command(s):/Users/jly/Library/Application Support/JetBrains/Toolbox/apps/CLion/ch-0/231.9161.40/CLion.app/Contents/bin/ninja/mac/ninja cmTC_c320c && [1/2] Building CXX object CMakeFiles/cmTC_c320c.dir/src.cxx.o
[2/2] Linking CXX executable cmTC_c320c


Source file was:

#include <vector>
std::vector<int> t; int main() { }


Performing C++ SOURCE FILE Test HAVE_USING_OPERATOR succeeded with the following output:
Change Dir: /Users/jly/Code/minisql-master/cmake-build-debug/CMakeFiles/CMakeScratch/TryCompile-MiRF0t

Run Build Command(s):/Users/jly/Library/Application Support/JetBrains/Toolbox/apps/CLion/ch-0/231.9161.40/CLion.app/Contents/bin/ninja/mac/ninja cmTC_5d85c && [1/2] Building CXX object CMakeFiles/cmTC_5d85c.dir/src.cxx.o
[2/2] Linking CXX executable cmTC_5d85c


Source file was:

#include <iostream>
std::ostream& operator<<(std::ostream&, struct s);
using ::operator<<;
int main() { }


Performing C++ SOURCE FILE Test HAVE_NAMESPACES succeeded with the following output:
Change Dir: /Users/jly/Code/minisql-master/cmake-build-debug/CMakeFiles/CMakeScratch/TryCompile-IFnhw8

Run Build Command(s):/Users/jly/Library/Application Support/JetBrains/Toolbox/apps/CLion/ch-0/231.9161.40/CLion.app/Contents/bin/ninja/mac/ninja cmTC_03e90 && [1/2] Building CXX object CMakeFiles/cmTC_03e90.dir/src.cxx.o
[2/2] Linking CXX executable cmTC_03e90


Source file was:

namespace Outer { namespace Inner { int i = 0; }}
using namespace Outer::Inner;;
int main() { return i; }


Performing C++ SOURCE FILE Test HAVE_GCC_TLS succeeded with the following output:
Change Dir: /Users/jly/Code/minisql-master/cmake-build-debug/CMakeFiles/CMakeScratch/TryCompile-ysiWu2

Run Build Command(s):/Users/jly/Library/Application Support/JetBrains/Toolbox/apps/CLion/ch-0/231.9161.40/CLion.app/Contents/bin/ninja/mac/ninja cmTC_a8046 && [1/2] Building CXX object CMakeFiles/cmTC_a8046.dir/src.cxx.o
[2/2] Linking CXX executable cmTC_a8046


Source file was:

__thread int tls;
int main() { }


Performing C++ SOURCE FILE Test HAVE_CXX11_ATOMIC succeeded with the following output:
Change Dir: /Users/jly/Code/minisql-master/cmake-build-debug/CMakeFiles/CMakeScratch/TryCompile-Yzpooz

Run Build Command(s):/Users/jly/Library/Application Support/JetBrains/Toolbox/apps/CLion/ch-0/231.9161.40/CLion.app/Contents/bin/ninja/mac/ninja cmTC_58d49 && [1/2] Building CXX object CMakeFiles/cmTC_58d49.dir/src.cxx.o
[2/2] Linking CXX executable cmTC_58d49


Source file was:

#include <atomic>
std::atomic<int> i;
int main() { }


Performing C++ SOURCE FILE Test HAVE_CXX11_CHRONO succeeded with the following output:
Change Dir: /Users/jly/Code/minisql-master/cmake-build-debug/CMakeFiles/CMakeScratch/TryCompile-6V24tw

Run Build Command(s):/Users/jly/Library/Application Support/JetBrains/Toolbox/apps/CLion/ch-0/231.9161.40/CLion.app/Contents/bin/ninja/mac/ninja cmTC_bbdb5 && [1/2] Building CXX object CMakeFiles/cmTC_bbdb5.dir/src.cxx.o
[2/2] Linking CXX executable cmTC_bbdb5


Source file was:

#include <chrono>
std::chrono::seconds s;
int main() { }


Performing C++ SOURCE FILE Test HAVE_CXX11_NULLPTR_T succeeded with the following output:
Change Dir: /Users/jly/Code/minisql-master/cmake-build-debug/CMakeFiles/CMakeScratch/TryCompile-N52d3P

Run Build Command(s):/Users/jly/Library/Application Support/JetBrains/Toolbox/apps/CLion/ch-0/231.9161.40/CLion.app/Contents/bin/ninja/mac/ninja cmTC_edb41 && [1/2] Building CXX object CMakeFiles/cmTC_edb41.dir/src.cxx.o
[2/2] Linking CXX executable cmTC_edb41


Source file was:

#include <cstddef>
void foo(std::nullptr_t) {}
int main(void) { foo(nullptr); }


Performing C++ SOURCE FILE Test HAVE_LOCALTIME_R succeeded with the following output:
Change Dir: /Users/jly/Code/minisql-master/cmake-build-debug/CMakeFiles/CMakeScratch/TryCompile-9MLYk2

Run Build Command(s):/Users/jly/Library/Application Support/JetBrains/Toolbox/apps/CLion/ch-0/231.9161.40/CLion.app/Contents/bin/ninja/mac/ninja cmTC_74f73 && [1/2] Building CXX object CMakeFiles/cmTC_74f73.dir/src.cxx.o
[2/2] Linking CXX executable cmTC_74f73


Source file was:

#include <cstdlib>
#include <ctime>
int main()
{
    time_t timep;
    struct tm result;
    localtime_r(&timep, &result);
    return EXIT_SUCCESS;
}


Performing C++ SOURCE FILE Test COMPILER_HAS_HIDDEN_VISIBILITY succeeded with the following output:
Change Dir: /Users/jly/Code/minisql-master/cmake-build-debug/CMakeFiles/CMakeScratch/TryCompile-sZeqk5

Run Build Command(s):/Users/jly/Library/Application Support/JetBrains/Toolbox/apps/CLion/ch-0/231.9161.40/CLion.app/Contents/bin/ninja/mac/ninja cmTC_d4279 && [1/2] Building CXX object CMakeFiles/cmTC_d4279.dir/src.cxx.o
[2/2] Linking CXX executable cmTC_d4279


Source file was:
int main() { return 0; }

Performing C++ SOURCE FILE Test COMPILER_HAS_HIDDEN_INLINE_VISIBILITY succeeded with the following output:
Change Dir: /Users/jly/Code/minisql-master/cmake-build-debug/CMakeFiles/CMakeScratch/TryCompile-tZ2YFu

Run Build Command(s):/Users/jly/Library/Application Support/JetBrains/Toolbox/apps/CLion/ch-0/231.9161.40/CLion.app/Contents/bin/ninja/mac/ninja cmTC_8509d && [1/2] Building CXX object CMakeFiles/cmTC_8509d.dir/src.cxx.o
[2/2] Linking CXX executable cmTC_8509d


Source file was:
int main() { return 0; }

Performing C++ SOURCE FILE Test COMPILER_HAS_DEPRECATED_ATTR succeeded with the following output:
Change Dir: /Users/jly/Code/minisql-master/cmake-build-debug/CMakeFiles/CMakeScratch/TryCompile-NjAjME

Run Build Command(s):/Users/jly/Library/Application Support/JetBrains/Toolbox/apps/CLion/ch-0/231.9161.40/CLion.app/Contents/bin/ninja/mac/ninja cmTC_0779d && [1/2] Building CXX object CMakeFiles/cmTC_0779d.dir/src.cxx.o
/Users/jly/Code/minisql-master/cmake-build-debug/CMakeFiles/CMakeScratch/TryCompile-NjAjME/src.cxx:2:25: warning: 'somefunc' is deprecated [-Wdeprecated-declarations]
    int main() { return somefunc();}
                        ^
/Users/jly/Code/minisql-master/cmake-build-debug/CMakeFiles/CMakeScratch/TryCompile-NjAjME/src.cxx:1:16: note: 'somefunc' has been explicitly marked deprecated here
__attribute__((__deprecated__)) int somefunc() { return 0; }
               ^
1 warning generated.
[2/2] Linking CXX executable cmTC_0779d


Source file was:
__attribute__((__deprecated__)) int somefunc() { return 0; }
    int main() { return somefunc();}

